\BOOKMARK [1][-]{section.0.1}{Introduction}{}% 1
\BOOKMARK [1][-]{section.0.2}{Class File Options}{}% 2
\BOOKMARK [1][-]{section.0.3}{Title Page}{}% 3
\BOOKMARK [2][-]{subsection.0.3.1}{Volume, Number and Year}{section.0.3}% 4
\BOOKMARK [2][-]{subsection.0.3.2}{Document Head}{section.0.3}% 5
\BOOKMARK [2][-]{subsection.0.3.3}{Paper Title}{section.0.3}% 6
\BOOKMARK [2][-]{subsection.0.3.4}{Authors}{section.0.3}% 7
\BOOKMARK [2][-]{subsection.0.3.5}{Running Headers}{section.0.3}% 8
\BOOKMARK [2][-]{subsection.0.3.6}{History Dates}{section.0.3}% 9
\BOOKMARK [1][-]{section.0.4}{Abstract}{}% 10
\BOOKMARK [1][-]{section.0.5}{Section Headings}{}% 11
\BOOKMARK [1][-]{section.0.6}{Citations}{}% 12
\BOOKMARK [1][-]{section.0.7}{Definition with Head}{}% 13
\BOOKMARK [1][-]{section.0.8}{Lists}{}% 14
\BOOKMARK [2][-]{subsection.0.8.1}{Other List Types}{section.0.8}% 15
\BOOKMARK [1][-]{section.0.9}{Word Formula or Displayed Text}{}% 16
\BOOKMARK [1][-]{section.0.10}{Dialogue}{}% 17
\BOOKMARK [1][-]{section.0.11}{Extracts}{}% 18
\BOOKMARK [1][-]{section.0.12}{Theorem-like Environments}{}% 19
\BOOKMARK [2][-]{subsection.0.12.1}{Example}{section.0.12}% 20
\BOOKMARK [2][-]{subsection.0.12.2}{Lemma}{section.0.12}% 21
\BOOKMARK [2][-]{subsection.0.12.3}{Theorem}{section.0.12}% 22
\BOOKMARK [1][-]{section.0.15}{Others}{}% 27
